<?xml version="1.0" encoding="utf-8"?><testsuites><testsuite name="pytest" errors="0" failures="0" skipped="0" tests="5" time="0.481" timestamp="2023-03-18T18:29:49.350299" hostname="ksrenan-pythonweek2022-a61vvicgu86"><testcase classname="tests.test_core" name="test_add_beer_to_database" time="0.008" /><testcase classname="tests.test_core" name="test_get_beers_from_database" time="0.006" /><testcase classname="tests.test_functional_api" name="test_create_beer_via_api" time="0.021" /><testcase classname="tests.test_functional_api" name="test_list_beers" time="0.009" /><testcase classname="tests.test_functional_cli" name="test_add_beer" time="0.009" /></testsuite></testsuites>